Determining if the pthread_create exist failed with the following output:
Change Dir: /shared/foss-18/video_segment/bin/segment_converter/CMakeFiles/CMakeTmp

Run Build Command:"/usr/bin/make" "cmTC_1c73e/fast"
/usr/bin/make -f CMakeFiles/cmTC_1c73e.dir/build.make CMakeFiles/cmTC_1c73e.dir/build
make[1]: Entering directory '/mnt/autofs/shared1/foss-18/video_segment/bin/segment_converter/CMakeFiles/CMakeTmp'
Building C object CMakeFiles/cmTC_1c73e.dir/CheckSymbolExists.c.o
/usr/bin/cc    -o CMakeFiles/cmTC_1c73e.dir/CheckSymbolExists.c.o   -c /shared/foss-18/video_segment/bin/segment_converter/CMakeFiles/CMakeTmp/CheckSymbolExists.c
Linking C executable cmTC_1c73e
/usr/local/bin/cmake -E cmake_link_script CMakeFiles/cmTC_1c73e.dir/link.txt --verbose=1
/usr/bin/cc      -rdynamic CMakeFiles/cmTC_1c73e.dir/CheckSymbolExists.c.o  -o cmTC_1c73e 
CMakeFiles/cmTC_1c73e.dir/CheckSymbolExists.c.o: In function `main':
CheckSymbolExists.c:(.text+0x1b): undefined reference to `pthread_create'
collect2: error: ld returned 1 exit status
CMakeFiles/cmTC_1c73e.dir/build.make:86: recipe for target 'cmTC_1c73e' failed
make[1]: *** [cmTC_1c73e] Error 1
make[1]: Leaving directory '/mnt/autofs/shared1/foss-18/video_segment/bin/segment_converter/CMakeFiles/CMakeTmp'
Makefile:121: recipe for target 'cmTC_1c73e/fast' failed
make: *** [cmTC_1c73e/fast] Error 2

File /shared/foss-18/video_segment/bin/segment_converter/CMakeFiles/CMakeTmp/CheckSymbolExists.c:
/* */
#include <pthread.h>

int main(int argc, char** argv)
{
  (void)argv;
#ifndef pthread_create
  return ((int*)(&pthread_create))[argc];
#else
  (void)argc;
  return 0;
#endif
}

Determining if the function pthread_create exists in the pthreads failed with the following output:
Change Dir: /shared/foss-18/video_segment/bin/segment_converter/CMakeFiles/CMakeTmp

Run Build Command:"/usr/bin/make" "cmTC_effb2/fast"
/usr/bin/make -f CMakeFiles/cmTC_effb2.dir/build.make CMakeFiles/cmTC_effb2.dir/build
make[1]: Entering directory '/mnt/autofs/shared1/foss-18/video_segment/bin/segment_converter/CMakeFiles/CMakeTmp'
Building C object CMakeFiles/cmTC_effb2.dir/CheckFunctionExists.c.o
/usr/bin/cc   -DCHECK_FUNCTION_EXISTS=pthread_create   -o CMakeFiles/cmTC_effb2.dir/CheckFunctionExists.c.o   -c /usr/local/share/cmake-3.13/Modules/CheckFunctionExists.c
Linking C executable cmTC_effb2
/usr/local/bin/cmake -E cmake_link_script CMakeFiles/cmTC_effb2.dir/link.txt --verbose=1
/usr/bin/cc  -DCHECK_FUNCTION_EXISTS=pthread_create    -rdynamic CMakeFiles/cmTC_effb2.dir/CheckFunctionExists.c.o  -o cmTC_effb2 -lpthreads 
/usr/bin/ld: cannot find -lpthreads
collect2: error: ld returned 1 exit status
CMakeFiles/cmTC_effb2.dir/build.make:86: recipe for target 'cmTC_effb2' failed
make[1]: *** [cmTC_effb2] Error 1
make[1]: Leaving directory '/mnt/autofs/shared1/foss-18/video_segment/bin/segment_converter/CMakeFiles/CMakeTmp'
Makefile:121: recipe for target 'cmTC_effb2/fast' failed
make: *** [cmTC_effb2/fast] Error 2


