Determining if the pthread_create exist failed with the following output:
Change Dir: /shared/foss-18/video_segment/bin/segment_viewer/CMakeFiles/CMakeTmp

Run Build Command:"/usr/bin/make" "cmTC_64034/fast"
/usr/bin/make -f CMakeFiles/cmTC_64034.dir/build.make CMakeFiles/cmTC_64034.dir/build
make[1]: Entering directory '/mnt/autofs/shared1/foss-18/video_segment/bin/segment_viewer/CMakeFiles/CMakeTmp'
Building C object CMakeFiles/cmTC_64034.dir/CheckSymbolExists.c.o
/usr/bin/cc    -o CMakeFiles/cmTC_64034.dir/CheckSymbolExists.c.o   -c /shared/foss-18/video_segment/bin/segment_viewer/CMakeFiles/CMakeTmp/CheckSymbolExists.c
Linking C executable cmTC_64034
/usr/local/bin/cmake -E cmake_link_script CMakeFiles/cmTC_64034.dir/link.txt --verbose=1
/usr/bin/cc      -rdynamic CMakeFiles/cmTC_64034.dir/CheckSymbolExists.c.o  -o cmTC_64034 
CMakeFiles/cmTC_64034.dir/CheckSymbolExists.c.o: In function `main':
CheckSymbolExists.c:(.text+0x1b): undefined reference to `pthread_create'
collect2: error: ld returned 1 exit status
CMakeFiles/cmTC_64034.dir/build.make:86: recipe for target 'cmTC_64034' failed
make[1]: *** [cmTC_64034] Error 1
make[1]: Leaving directory '/mnt/autofs/shared1/foss-18/video_segment/bin/segment_viewer/CMakeFiles/CMakeTmp'
Makefile:121: recipe for target 'cmTC_64034/fast' failed
make: *** [cmTC_64034/fast] Error 2

File /shared/foss-18/video_segment/bin/segment_viewer/CMakeFiles/CMakeTmp/CheckSymbolExists.c:
/* */
#include <pthread.h>

int main(int argc, char** argv)
{
  (void)argv;
#ifndef pthread_create
  return ((int*)(&pthread_create))[argc];
#else
  (void)argc;
  return 0;
#endif
}

Determining if the function pthread_create exists in the pthreads failed with the following output:
Change Dir: /shared/foss-18/video_segment/bin/segment_viewer/CMakeFiles/CMakeTmp

Run Build Command:"/usr/bin/make" "cmTC_75650/fast"
/usr/bin/make -f CMakeFiles/cmTC_75650.dir/build.make CMakeFiles/cmTC_75650.dir/build
make[1]: Entering directory '/mnt/autofs/shared1/foss-18/video_segment/bin/segment_viewer/CMakeFiles/CMakeTmp'
Building C object CMakeFiles/cmTC_75650.dir/CheckFunctionExists.c.o
/usr/bin/cc   -DCHECK_FUNCTION_EXISTS=pthread_create   -o CMakeFiles/cmTC_75650.dir/CheckFunctionExists.c.o   -c /usr/local/share/cmake-3.13/Modules/CheckFunctionExists.c
Linking C executable cmTC_75650
/usr/local/bin/cmake -E cmake_link_script CMakeFiles/cmTC_75650.dir/link.txt --verbose=1
/usr/bin/cc  -DCHECK_FUNCTION_EXISTS=pthread_create    -rdynamic CMakeFiles/cmTC_75650.dir/CheckFunctionExists.c.o  -o cmTC_75650 -lpthreads 
/usr/bin/ld: cannot find -lpthreads
collect2: error: ld returned 1 exit status
CMakeFiles/cmTC_75650.dir/build.make:86: recipe for target 'cmTC_75650' failed
make[1]: *** [cmTC_75650] Error 1
make[1]: Leaving directory '/mnt/autofs/shared1/foss-18/video_segment/bin/segment_viewer/CMakeFiles/CMakeTmp'
Makefile:121: recipe for target 'cmTC_75650/fast' failed
make: *** [cmTC_75650/fast] Error 2


