Determining if the pthread_create exist failed with the following output:
Change Dir: /shared/foss-18/video_segment/bin/video_example/CMakeFiles/CMakeTmp

Run Build Command:"/usr/bin/make" "cmTC_06c93/fast"
/usr/bin/make -f CMakeFiles/cmTC_06c93.dir/build.make CMakeFiles/cmTC_06c93.dir/build
make[1]: Entering directory '/mnt/autofs/shared1/foss-18/video_segment/bin/video_example/CMakeFiles/CMakeTmp'
Building C object CMakeFiles/cmTC_06c93.dir/CheckSymbolExists.c.o
/usr/bin/cc    -o CMakeFiles/cmTC_06c93.dir/CheckSymbolExists.c.o   -c /shared/foss-18/video_segment/bin/video_example/CMakeFiles/CMakeTmp/CheckSymbolExists.c
Linking C executable cmTC_06c93
/usr/local/bin/cmake -E cmake_link_script CMakeFiles/cmTC_06c93.dir/link.txt --verbose=1
/usr/bin/cc      -rdynamic CMakeFiles/cmTC_06c93.dir/CheckSymbolExists.c.o  -o cmTC_06c93 
CMakeFiles/cmTC_06c93.dir/CheckSymbolExists.c.o: In function `main':
CheckSymbolExists.c:(.text+0x1b): undefined reference to `pthread_create'
collect2: error: ld returned 1 exit status
CMakeFiles/cmTC_06c93.dir/build.make:86: recipe for target 'cmTC_06c93' failed
make[1]: *** [cmTC_06c93] Error 1
make[1]: Leaving directory '/mnt/autofs/shared1/foss-18/video_segment/bin/video_example/CMakeFiles/CMakeTmp'
Makefile:121: recipe for target 'cmTC_06c93/fast' failed
make: *** [cmTC_06c93/fast] Error 2

File /shared/foss-18/video_segment/bin/video_example/CMakeFiles/CMakeTmp/CheckSymbolExists.c:
/* */
#include <pthread.h>

int main(int argc, char** argv)
{
  (void)argv;
#ifndef pthread_create
  return ((int*)(&pthread_create))[argc];
#else
  (void)argc;
  return 0;
#endif
}

Determining if the function pthread_create exists in the pthreads failed with the following output:
Change Dir: /shared/foss-18/video_segment/bin/video_example/CMakeFiles/CMakeTmp

Run Build Command:"/usr/bin/make" "cmTC_88bfd/fast"
/usr/bin/make -f CMakeFiles/cmTC_88bfd.dir/build.make CMakeFiles/cmTC_88bfd.dir/build
make[1]: Entering directory '/mnt/autofs/shared1/foss-18/video_segment/bin/video_example/CMakeFiles/CMakeTmp'
Building C object CMakeFiles/cmTC_88bfd.dir/CheckFunctionExists.c.o
/usr/bin/cc   -DCHECK_FUNCTION_EXISTS=pthread_create   -o CMakeFiles/cmTC_88bfd.dir/CheckFunctionExists.c.o   -c /usr/local/share/cmake-3.13/Modules/CheckFunctionExists.c
Linking C executable cmTC_88bfd
/usr/local/bin/cmake -E cmake_link_script CMakeFiles/cmTC_88bfd.dir/link.txt --verbose=1
/usr/bin/cc  -DCHECK_FUNCTION_EXISTS=pthread_create    -rdynamic CMakeFiles/cmTC_88bfd.dir/CheckFunctionExists.c.o  -o cmTC_88bfd -lpthreads 
/usr/bin/ld: cannot find -lpthreads
collect2: error: ld returned 1 exit status
CMakeFiles/cmTC_88bfd.dir/build.make:86: recipe for target 'cmTC_88bfd' failed
make[1]: *** [cmTC_88bfd] Error 1
make[1]: Leaving directory '/mnt/autofs/shared1/foss-18/video_segment/bin/video_example/CMakeFiles/CMakeTmp'
Makefile:121: recipe for target 'cmTC_88bfd/fast' failed
make: *** [cmTC_88bfd/fast] Error 2


