Determining if the pthread_create exist failed with the following output:
Change Dir: /shared/foss-18/video_segment/bin/seg_tree_sample/CMakeFiles/CMakeTmp

Run Build Command:"/usr/bin/make" "cmTC_60bd7/fast"
/usr/bin/make -f CMakeFiles/cmTC_60bd7.dir/build.make CMakeFiles/cmTC_60bd7.dir/build
make[1]: Entering directory '/mnt/autofs/shared1/foss-18/video_segment/bin/seg_tree_sample/CMakeFiles/CMakeTmp'
Building C object CMakeFiles/cmTC_60bd7.dir/CheckSymbolExists.c.o
/usr/bin/cc    -o CMakeFiles/cmTC_60bd7.dir/CheckSymbolExists.c.o   -c /shared/foss-18/video_segment/bin/seg_tree_sample/CMakeFiles/CMakeTmp/CheckSymbolExists.c
Linking C executable cmTC_60bd7
/usr/local/bin/cmake -E cmake_link_script CMakeFiles/cmTC_60bd7.dir/link.txt --verbose=1
/usr/bin/cc      -rdynamic CMakeFiles/cmTC_60bd7.dir/CheckSymbolExists.c.o  -o cmTC_60bd7 
CMakeFiles/cmTC_60bd7.dir/CheckSymbolExists.c.o: In function `main':
CheckSymbolExists.c:(.text+0x1b): undefined reference to `pthread_create'
collect2: error: ld returned 1 exit status
CMakeFiles/cmTC_60bd7.dir/build.make:86: recipe for target 'cmTC_60bd7' failed
make[1]: *** [cmTC_60bd7] Error 1
make[1]: Leaving directory '/mnt/autofs/shared1/foss-18/video_segment/bin/seg_tree_sample/CMakeFiles/CMakeTmp'
Makefile:121: recipe for target 'cmTC_60bd7/fast' failed
make: *** [cmTC_60bd7/fast] Error 2

File /shared/foss-18/video_segment/bin/seg_tree_sample/CMakeFiles/CMakeTmp/CheckSymbolExists.c:
/* */
#include <pthread.h>

int main(int argc, char** argv)
{
  (void)argv;
#ifndef pthread_create
  return ((int*)(&pthread_create))[argc];
#else
  (void)argc;
  return 0;
#endif
}

Determining if the function pthread_create exists in the pthreads failed with the following output:
Change Dir: /shared/foss-18/video_segment/bin/seg_tree_sample/CMakeFiles/CMakeTmp

Run Build Command:"/usr/bin/make" "cmTC_84cc5/fast"
/usr/bin/make -f CMakeFiles/cmTC_84cc5.dir/build.make CMakeFiles/cmTC_84cc5.dir/build
make[1]: Entering directory '/mnt/autofs/shared1/foss-18/video_segment/bin/seg_tree_sample/CMakeFiles/CMakeTmp'
Building C object CMakeFiles/cmTC_84cc5.dir/CheckFunctionExists.c.o
/usr/bin/cc   -DCHECK_FUNCTION_EXISTS=pthread_create   -o CMakeFiles/cmTC_84cc5.dir/CheckFunctionExists.c.o   -c /usr/local/share/cmake-3.13/Modules/CheckFunctionExists.c
Linking C executable cmTC_84cc5
/usr/local/bin/cmake -E cmake_link_script CMakeFiles/cmTC_84cc5.dir/link.txt --verbose=1
/usr/bin/cc  -DCHECK_FUNCTION_EXISTS=pthread_create    -rdynamic CMakeFiles/cmTC_84cc5.dir/CheckFunctionExists.c.o  -o cmTC_84cc5 -lpthreads 
/usr/bin/ld: cannot find -lpthreads
collect2: error: ld returned 1 exit status
CMakeFiles/cmTC_84cc5.dir/build.make:86: recipe for target 'cmTC_84cc5' failed
make[1]: *** [cmTC_84cc5] Error 1
make[1]: Leaving directory '/mnt/autofs/shared1/foss-18/video_segment/bin/seg_tree_sample/CMakeFiles/CMakeTmp'
Makefile:121: recipe for target 'cmTC_84cc5/fast' failed
make: *** [cmTC_84cc5/fast] Error 2


